<?xml version="1.0" encoding="UTF-8"?>
<testsuite xmlns:xsi="http://www.w3.org/2001/XMLSchema-instance" xsi:noNamespaceSchemaLocation="https://maven.apache.org/surefire/maven-surefire-plugin/xsd/surefire-test-report.xsd" version="3.0.2" name="browsestack.TestRunner" time="360.826" tests="8" errors="0" skipped="0" failures="0">
  <properties>
[...]
</properties>
  <testcase name="Successful login with valid credentials" classname="Signin" time="37.241">
    <system-out><![CDATA[
&amp#27;[1mScenario:&amp#27;[22m Successful login with valid credentials &amp#27;[90m# file:///C:/Users/jayan/Desktop/Java_Selenium/browsestack/src/test/resources/Features/01signin.feature:3&amp#27;[39m
  &amp#27;[32mâœ”&amp#27;[39m &amp#27;[32m&amp#27;[1mGiven &amp#27;[22muser is on the login page&amp#27;[39m               &amp#27;[90m# browsestack.signin.user_is_on_the_login_page()&amp#27;[39m
  &amp#27;[32mâœ”&amp#27;[39m &amp#27;[32m&amp#27;[1mWhen &amp#27;[22muser enters valid username and password&amp#27;[39m  &amp#27;[90m# browsestack.signin.user_enters_valid_username_and_password()&amp#27;[39m
Login successful
  &amp#27;[32mâœ”&amp#27;[39m &amp#27;[32m&amp#27;[1mThen &amp#27;[22msuccessful login&amp#27;[39m                         &amp#27;[90m# browsestack.signin.successful_login()&amp#27;[39m
]]></system-out>
    <system-err><![CDATA[Sep 06, 2025 10:34:17 AM org.openqa.selenium.devtools.CdpVersionFinder findNearestMatch
WARNING: Unable to find CDP implementation matching 140
Sep 06, 2025 10:34:17 AM org.openqa.selenium.chromium.ChromiumDriver lambda$new$5
WARNING: Unable to find version of CDP to use for 140.0.7339.80. You may need to include a dependency on a specific version of the CDP using something similar to `org.seleniumhq.selenium:selenium-devtools-v86:4.22.0` where the version ("v86") matches the version of the chromium-based browser you're using and the version number of the artifact is the same as Selenium's.
]]></system-err>
  </testcase>
  <testcase name="Search for a product" classname="Search" time="39.753">
    <system-out><![CDATA[
&amp#27;[1mScenario:&amp#27;[22m Search for a product                  &amp#27;[90m# file:///C:/Users/jayan/Desktop/Java_Selenium/browsestack/src/test/resources/Features/02search.feature:3&amp#27;[39m
  &amp#27;[32mâœ”&amp#27;[39m &amp#27;[32m&amp#27;[1mGiven &amp#27;[22muser is on the homepage&amp#27;[39m               &amp#27;[90m# browsestack.search.user_is_on_the_homepage()&amp#27;[39m
  &amp#27;[32mâœ”&amp#27;[39m &amp#27;[32m&amp#27;[1mWhen &amp#27;[22muser searches for &amp#27;[1m"iPhone"&amp#27;[22m&amp#27;[39m             &amp#27;[90m# browsestack.search.user_searches_for(java.lang.String)&amp#27;[39m
Search successful for: iPhone
  &amp#27;[32mâœ”&amp#27;[39m &amp#27;[32m&amp#27;[1mThen &amp#27;[22msearch results should display &amp#27;[1m"iPhone"&amp#27;[22m&amp#27;[39m &amp#27;[90m# browsestack.search.search_results_should_display(java.lang.String)&amp#27;[39m
]]></system-out>
    <system-err><![CDATA[Sep 06, 2025 10:34:50 AM org.openqa.selenium.devtools.CdpVersionFinder findNearestMatch
WARNING: Unable to find CDP implementation matching 140
Sep 06, 2025 10:34:50 AM org.openqa.selenium.chromium.ChromiumDriver lambda$new$5
WARNING: Unable to find version of CDP to use for 140.0.7339.80. You may need to include a dependency on a specific version of the CDP using something similar to `org.seleniumhq.selenium:selenium-devtools-v86:4.22.0` where the version ("v86") matches the version of the chromium-based browser you're using and the version number of the artifact is the same as Selenium's.
]]></system-err>
  </testcase>
  <testcase name="Successfully add a product to cart" classname="demo Add to Cart" time="72.888">
    <system-out><![CDATA[
&amp#27;[1mScenario:&amp#27;[22m Successfully add a product to cart &amp#27;[90m# file:///C:/Users/jayan/Desktop/Java_Selenium/browsestack/src/test/resources/Features/03AddtoCart.feature:2&amp#27;[39m
  &amp#27;[32mâœ”&amp#27;[39m &amp#27;[32m&amp#27;[1mGiven &amp#27;[22mopen home page for adding product&amp#27;[39m  &amp#27;[90m# browsestack.addtocart.open_home_page()&amp#27;[39m
  &amp#27;[32mâœ”&amp#27;[39m &amp#27;[32m&amp#27;[1mWhen &amp#27;[22mSearch for a product in search bar&amp#27;[39m  &amp#27;[90m# browsestack.addtocart.search_product()&amp#27;[39m
  &amp#27;[32mâœ”&amp#27;[39m &amp#27;[32m&amp#27;[1mAnd &amp#27;[22mAdd the product to the cart&amp#27;[39m          &amp#27;[90m# browsestack.addtocart.add_product_to_cart()&amp#27;[39m
Product added to cart!
  &amp#27;[32mâœ”&amp#27;[39m &amp#27;[32m&amp#27;[1mThen &amp#27;[22mSuccessfully added to cart&amp#27;[39m          &amp#27;[90m# browsestack.addtocart.added_to_cart()&amp#27;[39m
]]></system-out>
    <system-err><![CDATA[Sep 06, 2025 10:35:30 AM org.openqa.selenium.devtools.CdpVersionFinder findNearestMatch
WARNING: Unable to find CDP implementation matching 140
Sep 06, 2025 10:35:30 AM org.openqa.selenium.chromium.ChromiumDriver lambda$new$5
WARNING: Unable to find version of CDP to use for 140.0.7339.80. You may need to include a dependency on a specific version of the CDP using something similar to `org.seleniumhq.selenium:selenium-devtools-v86:4.22.0` where the version ("v86") matches the version of the chromium-based browser you're using and the version number of the artifact is the same as Selenium's.
]]></system-err>
  </testcase>
  <testcase name="Delete product from cart" classname="Delete from Cart" time="45.687">
    <system-out><![CDATA[
&amp#27;[1mScenario:&amp#27;[22m Delete product from cart            &amp#27;[90m# file:///C:/Users/jayan/Desktop/Java_Selenium/browsestack/src/test/resources/Features/04DeleteFromCart.feature:3&amp#27;[39m
  &amp#27;[32mâœ”&amp#27;[39m &amp#27;[32m&amp#27;[1mGiven &amp#27;[22muser has to add product in the cart&amp#27;[39m &amp#27;[90m# browsestack.deletefromcart.user_add_product()&amp#27;[39m
  &amp#27;[32mâœ”&amp#27;[39m &amp#27;[32m&amp#27;[1mWhen &amp#27;[22muser deletes product from the cart&amp#27;[39m   &amp#27;[90m# browsestack.deletefromcart.delete_product()&amp#27;[39m
Product deleted from cart
  &amp#27;[32mâœ”&amp#27;[39m &amp#27;[32m&amp#27;[1mThen &amp#27;[22mthe product is sucessfully deleted&amp#27;[39m   &amp#27;[90m# browsestack.deletefromcart.product_deleted()&amp#27;[39m
]]></system-out>
    <system-err><![CDATA[Sep 06, 2025 10:36:43 AM org.openqa.selenium.devtools.CdpVersionFinder findNearestMatch
WARNING: Unable to find CDP implementation matching 140
Sep 06, 2025 10:36:43 AM org.openqa.selenium.chromium.ChromiumDriver lambda$new$5
WARNING: Unable to find version of CDP to use for 140.0.7339.80. You may need to include a dependency on a specific version of the CDP using something similar to `org.seleniumhq.selenium:selenium-devtools-v86:4.22.0` where the version ("v86") matches the version of the chromium-based browser you're using and the version number of the artifact is the same as Selenium's.
]]></system-err>
  </testcase>
  <testcase name="View past orders" classname="Orders" time="56.368">
    <system-out><![CDATA[
&amp#27;[1mScenario:&amp#27;[22m View past orders                        &amp#27;[90m# file:///C:/Users/jayan/Desktop/Java_Selenium/browsestack/src/test/resources/Features/06orders.feature:3&amp#27;[39m
  &amp#27;[32mâœ”&amp#27;[39m &amp#27;[32m&amp#27;[1mGiven &amp#27;[22muser is logged in&amp#27;[39m                       &amp#27;[90m# browsestack.orders.user_is_logged_in()&amp#27;[39m
  &amp#27;[32mâœ”&amp#27;[39m &amp#27;[32m&amp#27;[1mWhen &amp#27;[22muser search and add his products to cart&amp#27;[39m &amp#27;[90m# browsestack.orders.user_search_and_add_products()&amp#27;[39m
  &amp#27;[32mâœ”&amp#27;[39m &amp#27;[32m&amp#27;[1mAnd &amp#27;[22mclick on checkout and enter adress&amp#27;[39m        &amp#27;[90m# browsestack.orders.click_on_checkout_and_enter_adress()&amp#27;[39m
  &amp#27;[32mâœ”&amp#27;[39m &amp#27;[32m&amp#27;[1mAnd &amp#27;[22mnavigate to orders page&amp#27;[39m                   &amp#27;[90m# browsestack.orders.navigate_to_orders_page()&amp#27;[39m
Orders displayed successfully
  &amp#27;[32mâœ”&amp#27;[39m &amp#27;[32m&amp#27;[1mThen &amp#27;[22mprevious orders should be displayed&amp#27;[39m      &amp#27;[90m# browsestack.orders.previous_orders_should_be_displayed()&amp#27;[39m
]]></system-out>
    <system-err><![CDATA[Sep 06, 2025 10:37:29 AM org.openqa.selenium.devtools.CdpVersionFinder findNearestMatch
WARNING: Unable to find CDP implementation matching 140
Sep 06, 2025 10:37:29 AM org.openqa.selenium.chromium.ChromiumDriver lambda$new$5
WARNING: Unable to find version of CDP to use for 140.0.7339.80. You may need to include a dependency on a specific version of the CDP using something similar to `org.seleniumhq.selenium:selenium-devtools-v86:4.22.0` where the version ("v86") matches the version of the chromium-based browser you're using and the version number of the artifact is the same as Selenium's.
]]></system-err>
  </testcase>
  <testcase name="View available offers" classname="Offers" time="28.536">
    <system-out><![CDATA[
&amp#27;[1mScenario:&amp#27;[22m View available offers               &amp#27;[90m# file:///C:/Users/jayan/Desktop/Java_Selenium/browsestack/src/test/resources/Features/07offers.feature:3&amp#27;[39m
  &amp#27;[32mâœ”&amp#27;[39m &amp#27;[32m&amp#27;[1mGiven &amp#27;[22muser should logged in&amp#27;[39m               &amp#27;[90m# browsestack.offers.user_should_be_logged_in()&amp#27;[39m
  &amp#27;[32mâœ”&amp#27;[39m &amp#27;[32m&amp#27;[1mWhen &amp#27;[22muser navigates to the offers page&amp#27;[39m    &amp#27;[90m# browsestack.offers.user_navigates_to_offers()&amp#27;[39m
Offers displayed successfully
  &amp#27;[32mâœ”&amp#27;[39m &amp#27;[32m&amp#27;[1mThen &amp#27;[22mavailable offers should be displayed&amp#27;[39m &amp#27;[90m# browsestack.offers.available_offers_should_be_displayed()&amp#27;[39m
]]></system-out>
    <system-err><![CDATA[Sep 06, 2025 10:38:25 AM org.openqa.selenium.devtools.CdpVersionFinder findNearestMatch
WARNING: Unable to find CDP implementation matching 140
Sep 06, 2025 10:38:25 AM org.openqa.selenium.chromium.ChromiumDriver lambda$new$5
WARNING: Unable to find version of CDP to use for 140.0.7339.80. You may need to include a dependency on a specific version of the CDP using something similar to `org.seleniumhq.selenium:selenium-devtools-v86:4.22.0` where the version ("v86") matches the version of the chromium-based browser you're using and the version number of the artifact is the same as Selenium's.
]]></system-err>
  </testcase>
  <testcase name="Add product to favorites" classname="Favorites" time="49.904">
    <system-out><![CDATA[
&amp#27;[1mScenario:&amp#27;[22m Add product to favorites              &amp#27;[90m# file:///C:/Users/jayan/Desktop/Java_Selenium/browsestack/src/test/resources/Features/08favorites.feature:3&amp#27;[39m
  &amp#27;[32mâœ”&amp#27;[39m &amp#27;[32m&amp#27;[1mGiven &amp#27;[22muser first logged in&amp#27;[39m                  &amp#27;[90m# browsestack.favorites.user_first_logged_in()&amp#27;[39m
  &amp#27;[32mâœ”&amp#27;[39m &amp#27;[32m&amp#27;[1mWhen &amp#27;[22muser adds product to favorites&amp#27;[39m         &amp#27;[90m# browsestack.favorites.user_adds_product_to_favorites()&amp#27;[39m
Favorites displayed successfully
  &amp#27;[32mâœ”&amp#27;[39m &amp#27;[32m&amp#27;[1mThen &amp#27;[22mproduct should be visible in favorites&amp#27;[39m &amp#27;[90m# browsestack.favorites.product_should_be_visible_in_favorites()&amp#27;[39m
]]></system-out>
    <system-err><![CDATA[Sep 06, 2025 10:38:54 AM org.openqa.selenium.devtools.CdpVersionFinder findNearestMatch
WARNING: Unable to find CDP implementation matching 140
Sep 06, 2025 10:38:54 AM org.openqa.selenium.chromium.ChromiumDriver lambda$new$5
WARNING: Unable to find version of CDP to use for 140.0.7339.80. You may need to include a dependency on a specific version of the CDP using something similar to `org.seleniumhq.selenium:selenium-devtools-v86:4.22.0` where the version ("v86") matches the version of the chromium-based browser you're using and the version number of the artifact is the same as Selenium's.
]]></system-err>
  </testcase>
  <testcase name="Successful sign out" classname="Signout" time="28.336">
    <system-out><![CDATA[
&amp#27;[1mScenario:&amp#27;[22m Successful sign out                        &amp#27;[90m# file:///C:/Users/jayan/Desktop/Java_Selenium/browsestack/src/test/resources/Features/09Signout.feature:3&amp#27;[39m
  &amp#27;[32mâœ”&amp#27;[39m &amp#27;[32m&amp#27;[1mGiven &amp#27;[22muser first log in&amp#27;[39m                          &amp#27;[90m# browsestack.signout.user_first_log_in()&amp#27;[39m
  &amp#27;[32mâœ”&amp#27;[39m &amp#27;[32m&amp#27;[1mWhen &amp#27;[22muser clicks the sign out button&amp#27;[39m             &amp#27;[90m# browsestack.signout.user_clicks_the_sign_out_button()&amp#27;[39m
Signed out successfully
  &amp#27;[32mâœ”&amp#27;[39m &amp#27;[32m&amp#27;[1mThen &amp#27;[22muser should be redirected to the login page&amp#27;[39m &amp#27;[90m# browsestack.signout.user_should_be_redirected_to_the_login_page()&amp#27;[39m
]]></system-out>
    <system-err><![CDATA[Sep 06, 2025 10:39:44 AM org.openqa.selenium.devtools.CdpVersionFinder findNearestMatch
WARNING: Unable to find CDP implementation matching 140
Sep 06, 2025 10:39:44 AM org.openqa.selenium.chromium.ChromiumDriver lambda$new$5
WARNING: Unable to find version of CDP to use for 140.0.7339.80. You may need to include a dependency on a specific version of the CDP using something similar to `org.seleniumhq.selenium:selenium-devtools-v86:4.22.0` where the version ("v86") matches the version of the chromium-based browser you're using and the version number of the artifact is the same as Selenium's.
]]></system-err>
  </testcase>
</testsuite>